TN:
SF:hooks\useLoadingState.ts
FN:7,(anonymous_0)
FN:11,(anonymous_1)
FN:25,(anonymous_2)
FNF:3
FNH:3
FNDA:20,(anonymous_0)
FNDA:7,(anonymous_1)
FNDA:2,(anonymous_2)
DA:7,1
DA:8,20
DA:10,20
DA:12,7
DA:13,7
DA:14,7
DA:15,6
DA:17,1
DA:19,7
DA:25,20
DA:26,2
DA:29,20
LF:12
LH:12
BRDA:7,0,0,19
BRF:1
BRH:1
end_of_record
TN:
SF:services\adminService.ts
FN:14,(anonymous_0)
FN:61,(anonymous_1)
FN:68,(anonymous_2)
FN:83,(anonymous_3)
FN:89,(anonymous_4)
FN:104,(anonymous_5)
FN:110,(anonymous_6)
FN:120,(anonymous_7)
FN:130,(anonymous_8)
FN:141,(anonymous_9)
FN:162,(anonymous_10)
FN:175,(anonymous_11)
FN:192,(anonymous_12)
FN:198,(anonymous_13)
FN:211,(anonymous_14)
FN:221,(anonymous_15)
FN:232,(anonymous_16)
FNF:17
FNH:17
FNDA:45,(anonymous_0)
FNDA:3,(anonymous_1)
FNDA:7,(anonymous_2)
FNDA:5,(anonymous_3)
FNDA:10,(anonymous_4)
FNDA:1,(anonymous_5)
FNDA:3,(anonymous_6)
FNDA:2,(anonymous_7)
FNDA:4,(anonymous_8)
FNDA:3,(anonymous_9)
FNDA:3,(anonymous_10)
FNDA:3,(anonymous_11)
FNDA:2,(anonymous_12)
FNDA:3,(anonymous_13)
FNDA:2,(anonymous_14)
FNDA:2,(anonymous_15)
FNDA:4,(anonymous_16)
DA:19,45
DA:21,45
DA:22,27
DA:23,18
DA:24,6
DA:25,12
DA:26,0
DA:27,12
DA:28,6
DA:29,6
DA:30,6
DA:33,30
DA:35,16
DA:36,12
DA:38,12
DA:42,12
DA:43,1
DA:44,11
DA:45,1
DA:48,10
DA:49,5
DA:53,5
DA:56,4
DA:62,3
DA:65,2
DA:69,7
DA:70,7
DA:72,7
DA:73,7
DA:74,3
DA:75,4
DA:76,2
DA:77,2
DA:78,1
DA:80,1
DA:83,6
DA:85,0
DA:90,10
DA:91,10
DA:93,2
DA:94,2
DA:95,2
DA:96,0
DA:97,0
DA:98,0
DA:99,0
DA:101,0
DA:104,2
DA:106,8
DA:113,3
DA:114,3
DA:117,2
DA:120,2
DA:126,1
DA:131,4
DA:132,4
DA:135,3
DA:137,1
DA:142,3
DA:143,3
DA:148,1
DA:150,2
DA:154,2
DA:158,0
DA:163,3
DA:164,3
DA:169,2
DA:171,1
DA:176,3
DA:177,3
DA:181,3
DA:182,3
DA:183,1
DA:184,2
DA:185,1
DA:186,1
DA:187,0
DA:189,1
DA:192,2
DA:194,0
DA:202,3
DA:203,3
DA:208,3
DA:211,2
DA:217,0
DA:222,2
DA:223,2
DA:228,1
DA:235,4
DA:236,4
DA:240,3
DA:245,1
LF:92
LH:81
BRDA:16,0,0,27
BRDA:21,1,0,27
BRDA:21,1,1,18
BRDA:23,2,0,6
BRDA:23,2,1,12
BRDA:25,3,0,0
BRDA:25,3,1,12
BRDA:27,4,0,6
BRDA:27,4,1,6
BRDA:29,5,0,6
BRDA:29,5,1,0
BRDA:35,6,0,12
BRDA:35,6,1,4
BRDA:38,7,0,12
BRDA:38,7,1,4
BRDA:38,7,2,3
BRDA:42,8,0,1
BRDA:42,8,1,11
BRDA:44,9,0,1
BRDA:44,9,1,10
BRDA:48,10,0,5
BRDA:48,10,1,5
BRDA:65,11,0,2
BRDA:65,11,1,1
BRDA:73,12,0,3
BRDA:73,12,1,4
BRDA:75,13,0,2
BRDA:75,13,1,2
BRDA:75,14,0,4
BRDA:75,14,1,4
BRDA:77,15,0,1
BRDA:77,15,1,1
BRDA:77,16,0,2
BRDA:77,16,1,2
BRDA:94,17,0,2
BRDA:94,17,1,0
BRDA:96,18,0,0
BRDA:96,18,1,0
BRDA:96,19,0,0
BRDA:96,19,1,0
BRDA:98,20,0,0
BRDA:98,20,1,0
BRDA:98,21,0,0
BRDA:98,21,1,0
BRDA:120,22,0,2
BRDA:120,22,1,0
BRDA:135,23,0,3
BRDA:135,23,1,1
BRDA:150,24,0,2
BRDA:150,24,1,0
BRDA:151,25,0,2
BRDA:151,25,1,2
BRDA:169,26,0,2
BRDA:169,26,1,0
BRDA:182,27,0,1
BRDA:182,27,1,2
BRDA:184,28,0,1
BRDA:184,28,1,1
BRDA:184,29,0,2
BRDA:184,29,1,2
BRDA:186,30,0,0
BRDA:186,30,1,1
BRDA:186,31,0,1
BRDA:186,31,1,1
BRDA:211,32,0,3
BRDA:211,32,1,1
BRDA:241,33,0,3
BRDA:241,33,1,1
BRDA:242,34,0,3
BRDA:242,34,1,2
BRF:70
BRH:55
end_of_record
TN:
SF:services\aiRoutineService.ts
FN:5,(anonymous_0)
FN:25,(anonymous_1)
FN:28,(anonymous_2)
FN:57,(anonymous_3)
FN:75,(anonymous_4)
FN:111,(anonymous_5)
FNF:6
FNH:6
FNDA:12,(anonymous_0)
FNDA:4,(anonymous_1)
FNDA:3,(anonymous_2)
FNDA:6,(anonymous_3)
FNDA:3,(anonymous_4)
FNDA:2,(anonymous_5)
DA:4,1
DA:8,12
DA:9,12
DA:14,4
DA:15,2
DA:17,2
DA:20,10
DA:21,3
DA:22,3
DA:24,3
DA:25,2
DA:26,4
DA:27,4
DA:28,3
DA:29,3
DA:36,3
DA:40,3
DA:41,7
DA:42,1
DA:43,6
DA:44,1
DA:47,5
DA:48,1
DA:50,4
DA:60,6
DA:61,6
DA:62,6
DA:64,6
DA:65,6
DA:66,6
DA:67,6
DA:75,3
DA:84,6
DA:88,4
DA:93,4
DA:95,2
DA:100,2
DA:104,6
DA:117,2
DA:118,2
DA:119,1
DA:123,1
DA:128,1
LF:43
LH:43
BRDA:14,0,0,2
BRDA:14,0,1,2
BRDA:14,1,0,4
BRDA:14,1,1,3
BRDA:20,2,0,3
BRDA:20,2,1,7
BRDA:24,3,0,2
BRDA:24,3,1,1
BRDA:27,4,0,3
BRDA:27,4,1,1
BRDA:36,5,0,2
BRDA:36,5,1,1
BRDA:41,6,0,1
BRDA:41,6,1,6
BRDA:43,7,0,1
BRDA:43,7,1,5
BRDA:47,8,0,1
BRDA:47,8,1,4
BRDA:51,9,0,4
BRDA:51,9,1,0
BRDA:75,10,0,6
BRDA:75,10,1,3
BRDA:79,11,0,3
BRDA:79,11,1,2
BRDA:80,12,0,3
BRDA:80,12,1,2
BRDA:97,13,0,2
BRDA:97,13,1,1
BRF:28
BRH:27
end_of_record
TN:
SF:services\apiClient.ts
FN:29,(anonymous_0)
FN:33,(anonymous_1)
FN:45,(anonymous_2)
FN:52,(anonymous_3)
FN:55,(anonymous_4)
FNF:5
FNH:5
FNDA:5,(anonymous_0)
FNDA:3,(anonymous_1)
FNDA:1,(anonymous_2)
FNDA:1,(anonymous_3)
FNDA:8,(anonymous_4)
DA:16,0
DA:17,0
DA:18,0
DA:19,0
DA:20,0
DA:22,2
DA:29,5
DA:32,2
DA:34,3
DA:35,3
DA:36,2
DA:37,1
DA:39,2
DA:41,1
DA:42,1
DA:46,1
DA:47,1
DA:51,2
DA:53,1
DA:56,8
DA:64,8
DA:65,2
DA:66,2
DA:67,2
DA:68,1
DA:70,1
DA:74,8
DA:75,1
DA:76,1
DA:79,8
DA:80,1
DA:83,8
DA:87,2
DA:90,8
LF:34
LH:29
BRDA:36,0,0,1
BRDA:36,0,1,1
BRDA:64,1,0,2
BRDA:64,1,1,6
BRDA:74,2,0,1
BRDA:74,2,1,7
BRDA:79,3,0,1
BRDA:79,3,1,7
BRDA:83,4,0,2
BRDA:83,4,1,6
BRDA:84,5,0,8
BRDA:84,5,1,7
BRF:12
BRH:12
end_of_record
TN:
SF:services\authService.ts
FN:8,(anonymous_0)
FN:79,(anonymous_1)
FN:88,(anonymous_2)
FN:104,(anonymous_3)
FN:113,(anonymous_4)
FN:122,(anonymous_5)
FN:133,(anonymous_6)
FN:149,(anonymous_7)
FN:169,(anonymous_8)
FN:198,(anonymous_9)
FNF:10
FNH:10
FNDA:13,(anonymous_0)
FNDA:2,(anonymous_1)
FNDA:2,(anonymous_2)
FNDA:3,(anonymous_3)
FNDA:3,(anonymous_4)
FNDA:2,(anonymous_5)
FNDA:4,(anonymous_6)
FNDA:2,(anonymous_7)
FNDA:2,(anonymous_8)
FNDA:2,(anonymous_9)
DA:7,1
DA:9,13
DA:10,13
DA:15,4
DA:16,1
DA:21,3
DA:23,3
DA:24,1
DA:29,2
DA:31,2
DA:36,2
DA:38,2
DA:40,2
DA:41,2
DA:42,1
DA:44,1
DA:50,2
DA:55,11
DA:56,6
DA:58,6
DA:60,6
DA:61,2
DA:64,4
DA:65,1
DA:66,3
DA:67,2
DA:69,1
DA:71,5
DA:72,4
DA:74,1
DA:80,2
DA:81,2
DA:82,1
DA:84,1
DA:89,2
DA:90,2
DA:91,2
DA:92,1
DA:94,1
DA:97,2
DA:98,2
DA:100,0
DA:105,3
DA:106,3
DA:107,3
DA:109,1
DA:114,3
DA:115,3
DA:116,3
DA:118,0
DA:125,2
DA:126,2
DA:127,1
DA:129,1
DA:136,4
DA:137,4
DA:140,1
DA:142,3
DA:157,2
DA:158,2
DA:163,1
DA:165,1
DA:170,2
DA:171,2
DA:173,2
DA:179,2
DA:189,1
DA:190,1
DA:192,1
DA:194,1
DA:205,2
DA:206,2
DA:207,1
DA:209,1
LF:74
LH:72
BRDA:15,0,0,1
BRDA:15,0,1,3
BRDA:23,1,0,1
BRDA:23,1,1,2
BRDA:55,2,0,6
BRDA:55,2,1,5
BRDA:58,3,0,6
BRDA:58,3,1,2
BRDA:60,4,0,2
BRDA:60,4,1,4
BRDA:60,5,0,6
BRDA:60,5,1,5
BRDA:64,6,0,1
BRDA:64,6,1,3
BRDA:66,7,0,2
BRDA:66,7,1,1
BRDA:71,8,0,4
BRDA:71,8,1,1
BRDA:107,9,0,2
BRDA:107,9,1,1
BRDA:144,10,0,3
BRDA:144,10,1,2
BRF:22
BRH:22
end_of_record
TN:
SF:services\challengeAttemptService.ts
FN:6,(anonymous_0)
FN:8,(anonymous_1)
FN:22,(anonymous_2)
FN:32,(anonymous_3)
FN:53,(anonymous_4)
FN:58,(anonymous_5)
FN:71,(anonymous_6)
FN:73,(anonymous_7)
FN:83,(anonymous_8)
FN:85,(anonymous_9)
FN:93,(anonymous_10)
FN:98,(anonymous_11)
FNF:12
FNH:12
FNDA:3,(anonymous_0)
FNDA:3,(anonymous_1)
FNDA:4,(anonymous_2)
FNDA:4,(anonymous_3)
FNDA:2,(anonymous_4)
FNDA:2,(anonymous_5)
FNDA:2,(anonymous_6)
FNDA:2,(anonymous_7)
FNDA:2,(anonymous_8)
FNDA:2,(anonymous_9)
FNDA:2,(anonymous_10)
FNDA:2,(anonymous_11)
DA:5,1
DA:7,3
DA:9,3
DA:12,1
DA:31,4
DA:33,4
DA:37,3
DA:38,1
DA:44,2
DA:57,2
DA:59,2
DA:62,1
DA:72,2
DA:74,2
DA:77,2
DA:84,2
DA:86,2
DA:87,1
DA:97,2
DA:99,2
DA:102,1
LF:21
LH:21
BRDA:37,0,0,1
BRDA:37,0,1,2
BRDA:44,1,0,2
BRDA:44,1,1,1
BRF:4
BRH:4
end_of_record
TN:
SF:services\challengeService.ts
FN:6,(anonymous_0)
FN:8,(anonymous_1)
FN:16,(anonymous_2)
FN:18,(anonymous_3)
FN:26,(anonymous_4)
FN:28,(anonymous_5)
FN:41,(anonymous_6)
FN:43,(anonymous_7)
FN:51,(anonymous_8)
FN:55,(anonymous_9)
FN:65,(anonymous_10)
FN:67,(anonymous_11)
FNF:12
FNH:12
FNDA:3,(anonymous_0)
FNDA:3,(anonymous_1)
FNDA:2,(anonymous_2)
FNDA:2,(anonymous_3)
FNDA:5,(anonymous_4)
FNDA:5,(anonymous_5)
FNDA:3,(anonymous_6)
FNDA:3,(anonymous_7)
FNDA:2,(anonymous_8)
FNDA:2,(anonymous_9)
FNDA:3,(anonymous_10)
FNDA:3,(anonymous_11)
DA:5,1
DA:7,3
DA:9,3
DA:10,2
DA:17,2
DA:19,2
DA:20,1
DA:27,5
DA:29,5
DA:32,4
DA:33,2
DA:35,2
DA:42,3
DA:44,3
DA:45,2
DA:54,2
DA:56,2
DA:59,1
DA:66,3
DA:68,3
LF:20
LH:20
BRDA:32,0,0,2
BRDA:32,0,1,2
BRDA:35,1,0,2
BRDA:35,1,1,1
BRF:4
BRH:4
end_of_record
TN:
SF:services\chatService.ts
FN:13,(anonymous_0)
FN:22,(anonymous_1)
FN:55,(anonymous_2)
FN:79,(anonymous_3)
FN:120,(anonymous_4)
FN:152,(anonymous_5)
FN:172,(anonymous_6)
FN:199,(anonymous_7)
FNF:8
FNH:8
FNDA:6,(anonymous_0)
FNDA:1,(anonymous_1)
FNDA:7,(anonymous_2)
FNDA:8,(anonymous_3)
FNDA:7,(anonymous_4)
FNDA:4,(anonymous_5)
FNDA:4,(anonymous_6)
FNDA:7,(anonymous_7)
DA:14,6
DA:15,6
DA:18,4
DA:19,1
DA:21,3
DA:22,1
DA:23,1
DA:25,1
DA:31,1
DA:34,2
DA:35,0
DA:36,0
DA:39,2
DA:41,2
DA:42,1
DA:43,1
DA:44,1
DA:45,0
DA:46,0
DA:47,0
DA:48,0
DA:50,0
DA:59,7
DA:60,7
DA:63,2
DA:65,5
DA:66,1
DA:67,4
DA:68,1
DA:69,3
DA:70,1
DA:71,2
DA:72,1
DA:74,1
DA:82,8
DA:83,8
DA:85,4
DA:86,1
DA:91,3
DA:92,1
DA:95,2
DA:97,6
DA:103,6
DA:104,1
DA:105,5
DA:106,1
DA:107,4
DA:108,1
DA:109,1
DA:112,3
DA:113,1
DA:115,2
DA:124,7
DA:125,7
DA:131,1
DA:133,6
DA:134,1
DA:135,5
DA:136,1
DA:139,4
DA:140,1
DA:141,3
DA:142,1
DA:143,1
DA:144,2
DA:145,1
DA:147,1
DA:153,4
DA:154,4
DA:156,3
DA:157,0
DA:160,3
DA:161,1
DA:162,2
DA:163,0
DA:164,2
DA:165,1
DA:167,1
DA:176,4
DA:177,4
DA:181,3
DA:182,1
DA:185,2
DA:186,0
DA:189,2
DA:190,0
DA:191,2
DA:192,1
DA:194,1
DA:200,7
LF:90
LH:79
BRDA:13,0,0,5
BRDA:18,1,0,1
BRDA:18,1,1,3
BRDA:21,2,0,1
BRDA:21,2,1,2
BRDA:23,3,0,1
BRDA:23,3,1,0
BRDA:34,4,0,0
BRDA:34,4,1,2
BRDA:34,5,0,2
BRDA:34,5,1,2
BRDA:41,6,0,1
BRDA:41,6,1,1
BRDA:43,7,0,1
BRDA:43,7,1,0
BRDA:45,8,0,0
BRDA:45,8,1,0
BRDA:47,9,0,0
BRDA:47,9,1,0
BRDA:57,10,0,6
BRDA:65,11,0,1
BRDA:65,11,1,4
BRDA:67,12,0,1
BRDA:67,12,1,3
BRDA:69,13,0,1
BRDA:69,13,1,2
BRDA:71,14,0,1
BRDA:71,14,1,1
BRDA:85,15,0,1
BRDA:85,15,1,3
BRDA:91,16,0,1
BRDA:91,16,1,2
BRDA:103,17,0,1
BRDA:103,17,1,5
BRDA:105,18,0,1
BRDA:105,18,1,4
BRDA:107,19,0,1
BRDA:107,19,1,3
BRDA:108,20,0,1
BRDA:108,20,1,0
BRDA:110,21,0,1
BRDA:110,21,1,0
BRDA:112,22,0,1
BRDA:112,22,1,2
BRDA:133,23,0,1
BRDA:133,23,1,5
BRDA:135,24,0,1
BRDA:135,24,1,4
BRDA:139,25,0,1
BRDA:139,25,1,3
BRDA:141,26,0,1
BRDA:141,26,1,2
BRDA:142,27,0,1
BRDA:142,27,1,0
BRDA:143,28,0,1
BRDA:143,28,1,0
BRDA:144,29,0,1
BRDA:144,29,1,1
BRDA:156,30,0,0
BRDA:156,30,1,3
BRDA:160,31,0,1
BRDA:160,31,1,2
BRDA:162,32,0,0
BRDA:162,32,1,2
BRDA:164,33,0,1
BRDA:164,33,1,1
BRDA:181,34,0,1
BRDA:181,34,1,2
BRDA:185,35,0,0
BRDA:185,35,1,2
BRDA:189,36,0,0
BRDA:189,36,1,2
BRDA:191,37,0,1
BRDA:191,37,1,1
BRDA:201,38,0,7
BRDA:201,38,1,3
BRDA:201,38,2,6
BRDA:201,38,3,2
BRF:78
BRH:63
end_of_record
TN:
SF:services\exerciseService.ts
FN:14,(anonymous_0)
FN:33,(anonymous_1)
FN:50,(anonymous_2)
FN:77,(anonymous_3)
FN:102,(anonymous_4)
FN:132,(anonymous_5)
FNF:6
FNH:6
FNDA:6,(anonymous_0)
FNDA:3,(anonymous_1)
FNDA:6,(anonymous_2)
FNDA:5,(anonymous_3)
FNDA:6,(anonymous_4)
FNDA:4,(anonymous_5)
DA:13,1
DA:15,6
DA:16,6
DA:17,3
DA:19,3
DA:20,1
DA:21,2
DA:22,1
DA:24,1
DA:34,3
DA:35,3
DA:36,1
DA:38,2
DA:39,1
DA:41,1
DA:51,6
DA:52,6
DA:55,1
DA:57,5
DA:58,1
DA:59,4
DA:60,1
DA:61,3
DA:62,2
DA:63,2
DA:64,1
DA:66,1
DA:68,1
DA:78,5
DA:79,5
DA:82,1
DA:84,4
DA:85,1
DA:86,3
DA:87,2
DA:88,2
DA:89,1
DA:91,1
DA:93,1
DA:106,6
DA:107,6
DA:110,1
DA:112,5
DA:113,1
DA:114,4
DA:115,1
DA:116,3
DA:117,2
DA:118,2
DA:119,1
DA:121,1
DA:123,1
DA:133,4
DA:134,4
DA:136,3
DA:137,1
DA:138,2
DA:139,1
DA:141,1
LF:59
LH:59
BRDA:17,0,0,3
BRDA:17,0,1,2
BRDA:19,1,0,1
BRDA:19,1,1,2
BRDA:21,2,0,1
BRDA:21,2,1,1
BRDA:25,3,0,1
BRDA:25,3,1,1
BRDA:25,3,2,1
BRDA:38,4,0,1
BRDA:38,4,1,1
BRDA:42,5,0,1
BRDA:42,5,1,0
BRDA:42,5,2,0
BRDA:55,6,0,1
BRDA:55,6,1,1
BRDA:57,7,0,1
BRDA:57,7,1,4
BRDA:59,8,0,1
BRDA:59,8,1,3
BRDA:61,9,0,2
BRDA:61,9,1,1
BRDA:63,10,0,1
BRDA:63,10,1,1
BRDA:63,11,0,2
BRDA:63,11,1,1
BRDA:69,12,0,1
BRDA:69,12,1,0
BRDA:69,12,2,0
BRDA:84,13,0,1
BRDA:84,13,1,3
BRDA:86,14,0,2
BRDA:86,14,1,1
BRDA:88,15,0,1
BRDA:88,15,1,1
BRDA:88,16,0,2
BRDA:88,16,1,1
BRDA:94,17,0,1
BRDA:94,17,1,0
BRDA:94,17,2,0
BRDA:112,18,0,1
BRDA:112,18,1,4
BRDA:114,19,0,1
BRDA:114,19,1,3
BRDA:116,20,0,2
BRDA:116,20,1,1
BRDA:118,21,0,1
BRDA:118,21,1,1
BRDA:118,22,0,2
BRDA:118,22,1,1
BRDA:124,23,0,1
BRDA:124,23,1,0
BRDA:124,23,2,0
BRDA:136,24,0,1
BRDA:136,24,1,2
BRDA:138,25,0,1
BRDA:138,25,1,1
BRDA:142,26,0,1
BRDA:142,26,1,0
BRDA:142,26,2,0
BRF:60
BRH:50
end_of_record
TN:
SF:services\publicProfileService.ts
FN:10,(anonymous_0)
FN:39,(anonymous_1)
FN:55,(anonymous_2)
FN:81,(anonymous_3)
FNF:4
FNH:4
FNDA:6,(anonymous_0)
FNDA:4,(anonymous_1)
FNDA:4,(anonymous_2)
FNDA:4,(anonymous_3)
DA:14,6
DA:15,6
DA:16,6
DA:17,6
DA:19,6
DA:20,1
DA:23,6
DA:26,3
DA:28,3
DA:29,3
DA:30,1
DA:32,2
DA:33,1
DA:35,1
DA:40,4
DA:41,4
DA:42,1
DA:44,3
DA:45,3
DA:46,1
DA:48,2
DA:49,1
DA:51,1
DA:56,4
DA:57,4
DA:58,2
DA:60,2
DA:62,2
DA:63,1
DA:66,1
DA:77,1
DA:84,4
DA:85,4
DA:88,1
DA:90,3
DA:92,3
DA:93,1
DA:96,1
DA:104,2
DA:105,1
DA:107,1
LF:41
LH:41
BRDA:11,0,0,5
BRDA:19,1,0,1
BRDA:19,1,1,5
BRDA:19,2,0,6
BRDA:19,2,1,1
BRDA:29,3,0,1
BRDA:29,3,1,2
BRDA:32,4,0,1
BRDA:32,4,1,1
BRDA:45,5,0,1
BRDA:45,5,1,2
BRDA:48,6,0,1
BRDA:48,6,1,1
BRDA:62,7,0,1
BRDA:62,7,1,1
BRDA:92,8,0,1
BRDA:92,8,1,2
BRDA:104,9,0,1
BRDA:104,9,1,1
BRF:19
BRH:19
end_of_record
TN:
SF:services\routineModificationService.ts
FN:11,(anonymous_0)
FN:17,(anonymous_1)
FN:36,(anonymous_2)
FN:58,(anonymous_3)
FN:81,(anonymous_4)
FN:103,(anonymous_5)
FN:126,(anonymous_6)
FN:144,(anonymous_7)
FN:160,(anonymous_8)
FN:205,(anonymous_9)
FN:212,(anonymous_10)
FN:224,(anonymous_11)
FN:242,(anonymous_12)
FN:253,(anonymous_13)
FN:259,(anonymous_14)
FN:283,(anonymous_15)
FN:284,(anonymous_16)
FN:286,(anonymous_17)
FN:322,(anonymous_18)
FN:364,(anonymous_19)
FN:372,(anonymous_20)
FN:394,(anonymous_21)
FN:412,(anonymous_22)
FN:418,(anonymous_23)
FN:422,(anonymous_24)
FN:426,(anonymous_25)
FN:434,(anonymous_26)
FN:444,(anonymous_27)
FN:462,(anonymous_28)
FNF:29
FNH:29
FNDA:6,(anonymous_0)
FNDA:4,(anonymous_1)
FNDA:8,(anonymous_2)
FNDA:1,(anonymous_3)
FNDA:7,(anonymous_4)
FNDA:2,(anonymous_5)
FNDA:4,(anonymous_6)
FNDA:7,(anonymous_7)
FNDA:1,(anonymous_8)
FNDA:2,(anonymous_9)
FNDA:2,(anonymous_10)
FNDA:2,(anonymous_11)
FNDA:1,(anonymous_12)
FNDA:6,(anonymous_13)
FNDA:8,(anonymous_14)
FNDA:4,(anonymous_15)
FNDA:2,(anonymous_16)
FNDA:2,(anonymous_17)
FNDA:6,(anonymous_18)
FNDA:2,(anonymous_19)
FNDA:3,(anonymous_20)
FNDA:2,(anonymous_21)
FNDA:2,(anonymous_22)
FNDA:3,(anonymous_23)
FNDA:5,(anonymous_24)
FNDA:2,(anonymous_25)
FNDA:3,(anonymous_26)
FNDA:5,(anonymous_27)
FNDA:3,(anonymous_28)
DA:10,1
DA:12,6
DA:13,6
DA:15,2
DA:16,2
DA:17,4
DA:20,2
DA:22,4
DA:23,1
DA:24,3
DA:25,1
DA:27,2
DA:39,8
DA:40,8
DA:45,2
DA:46,1
DA:48,1
DA:51,7
DA:52,1
DA:53,6
DA:54,3
DA:55,3
DA:56,1
DA:59,1
DA:64,1
DA:66,2
DA:67,3
DA:68,1
DA:69,2
DA:70,1
DA:72,1
DA:84,7
DA:85,7
DA:90,2
DA:91,1
DA:93,1
DA:96,6
DA:97,1
DA:98,5
DA:99,2
DA:100,2
DA:101,1
DA:104,2
DA:109,1
DA:111,1
DA:112,3
DA:113,1
DA:114,2
DA:115,1
DA:117,1
DA:127,4
DA:128,4
DA:130,1
DA:132,3
DA:133,1
DA:135,2
DA:148,7
DA:149,7
DA:157,7
DA:160,1
DA:169,7
DA:175,7
DA:176,2
DA:180,5
DA:185,2
DA:187,5
DA:188,1
DA:189,4
DA:190,2
DA:191,2
DA:194,2
DA:196,2
DA:206,2
DA:212,2
DA:225,2
DA:227,2
DA:242,1
DA:257,6
DA:258,6
DA:259,8
DA:265,6
DA:273,6
DA:277,2
DA:280,2
DA:282,2
DA:283,4
DA:284,2
DA:286,2
DA:290,2
DA:291,2
DA:293,2
DA:294,2
DA:298,3
DA:302,3
DA:303,3
DA:305,3
DA:308,2
DA:309,3
DA:310,3
DA:313,2
DA:316,2
DA:321,2
DA:322,6
DA:331,2
DA:339,2
DA:346,2
DA:348,4
DA:349,2
DA:350,2
DA:353,2
DA:355,2
DA:369,2
DA:370,2
DA:372,3
DA:381,2
DA:384,1
DA:389,1
DA:394,2
DA:399,1
DA:403,1
DA:405,1
DA:406,1
DA:417,2
DA:418,3
DA:421,2
DA:422,5
DA:425,2
DA:426,2
DA:434,3
DA:444,2
DA:445,5
DA:448,2
DA:469,3
DA:470,3
DA:473,3
DA:478,3
DA:483,2
DA:486,2
DA:491,2
DA:496,2
DA:501,1
DA:502,1
LF:142
LH:142
BRDA:15,0,0,2
BRDA:15,0,1,0
BRDA:22,1,0,1
BRDA:22,1,1,3
BRDA:24,2,0,1
BRDA:24,2,1,2
BRDA:28,3,0,2
BRDA:28,3,1,1
BRDA:28,3,2,0
BRDA:45,4,0,1
BRDA:45,4,1,1
BRDA:51,5,0,1
BRDA:51,5,1,6
BRDA:53,6,0,3
BRDA:53,6,1,3
BRDA:55,7,0,1
BRDA:55,7,1,2
BRDA:55,8,0,3
BRDA:55,8,1,2
BRDA:60,9,0,0
BRDA:60,9,1,1
BRDA:67,10,0,1
BRDA:67,10,1,2
BRDA:69,11,0,1
BRDA:69,11,1,1
BRDA:73,12,0,1
BRDA:73,12,1,1
BRDA:73,12,2,0
BRDA:90,13,0,1
BRDA:90,13,1,1
BRDA:96,14,0,1
BRDA:96,14,1,5
BRDA:98,15,0,2
BRDA:98,15,1,3
BRDA:100,16,0,1
BRDA:100,16,1,1
BRDA:100,17,0,2
BRDA:100,17,1,2
BRDA:105,18,0,2
BRDA:105,18,1,0
BRDA:112,19,0,1
BRDA:112,19,1,2
BRDA:114,20,0,1
BRDA:114,20,1,1
BRDA:118,21,0,1
BRDA:118,21,1,1
BRDA:118,21,2,0
BRDA:132,22,0,1
BRDA:132,22,1,2
BRDA:136,23,0,2
BRDA:136,23,1,1
BRDA:136,23,2,0
BRDA:157,24,0,7
BRDA:157,24,1,6
BRDA:158,25,0,7
BRDA:158,25,1,6
BRDA:175,26,0,2
BRDA:175,26,1,5
BRDA:187,27,0,1
BRDA:187,27,1,4
BRDA:189,28,0,2
BRDA:189,28,1,2
BRDA:190,29,0,2
BRDA:190,29,1,0
BRDA:191,30,0,1
BRDA:191,30,1,1
BRDA:197,31,0,2
BRDA:197,31,1,1
BRDA:197,31,2,0
BRDA:212,32,0,2
BRDA:212,32,1,1
BRDA:214,33,0,2
BRDA:214,33,1,0
BRDA:219,34,0,2
BRDA:219,34,1,1
BRDA:225,35,0,2
BRDA:225,35,1,1
BRDA:241,36,0,2
BRDA:241,36,1,0
BRDA:282,37,0,2
BRDA:282,37,1,0
BRDA:295,38,0,5
BRDA:295,38,1,4
BRDA:299,39,0,6
BRDA:299,39,1,3
BRDA:348,40,0,2
BRDA:348,40,1,2
BRDA:349,41,0,2
BRDA:349,41,1,0
BRDA:350,42,0,1
BRDA:350,42,1,1
BRDA:356,43,0,2
BRDA:356,43,1,1
BRDA:356,43,2,0
BRDA:407,44,0,1
BRDA:407,44,1,0
BRDA:483,45,0,2
BRDA:483,45,1,0
BRDA:503,46,0,1
BRDA:503,46,1,0
BRF:100
BRH:83
end_of_record
TN:
SF:services\routineService.ts
FN:91,(anonymous_0)
FN:100,(anonymous_1)
FN:109,(anonymous_2)
FN:112,(anonymous_3)
FN:138,(anonymous_4)
FN:144,(anonymous_5)
FN:171,(anonymous_6)
FN:179,(anonymous_7)
FN:194,(anonymous_8)
FN:205,(anonymous_9)
FN:215,(anonymous_10)
FN:227,(anonymous_11)
FN:236,(anonymous_12)
FN:253,(anonymous_13)
FN:262,(anonymous_14)
FN:288,(anonymous_15)
FN:297,(anonymous_16)
FN:306,(anonymous_17)
FN:312,(anonymous_18)
FN:320,(anonymous_19)
FN:326,(anonymous_20)
FN:338,(anonymous_21)
FN:341,(anonymous_22)
FNF:23
FNH:23
FNDA:3,(anonymous_0)
FNDA:2,(anonymous_1)
FNDA:3,(anonymous_2)
FNDA:4,(anonymous_3)
FNDA:3,(anonymous_4)
FNDA:2,(anonymous_5)
FNDA:2,(anonymous_6)
FNDA:2,(anonymous_7)
FNDA:2,(anonymous_8)
FNDA:2,(anonymous_9)
FNDA:3,(anonymous_10)
FNDA:2,(anonymous_11)
FNDA:3,(anonymous_12)
FNDA:2,(anonymous_13)
FNDA:6,(anonymous_14)
FNDA:2,(anonymous_15)
FNDA:2,(anonymous_16)
FNDA:3,(anonymous_17)
FNDA:5,(anonymous_18)
FNDA:4,(anonymous_19)
FNDA:7,(anonymous_20)
FNDA:3,(anonymous_21)
FNDA:6,(anonymous_22)
DA:90,1
DA:92,3
DA:93,3
DA:94,2
DA:96,1
DA:101,2
DA:102,2
DA:103,1
DA:105,1
DA:110,3
DA:111,3
DA:112,4
DA:121,3
DA:129,3
DA:132,2
DA:134,1
DA:142,3
DA:143,3
DA:144,2
DA:155,3
DA:162,3
DA:165,2
DA:167,1
DA:172,2
DA:173,2
DA:175,1
DA:183,2
DA:184,2
DA:188,1
DA:190,1
DA:198,2
DA:199,2
DA:201,1
DA:206,2
DA:207,2
DA:208,2
DA:209,1
DA:211,1
DA:219,3
DA:220,3
DA:221,2
DA:223,1
DA:228,2
DA:229,2
DA:230,1
DA:232,1
DA:245,3
DA:246,3
DA:247,2
DA:249,1
DA:254,2
DA:255,2
DA:256,1
DA:258,1
DA:266,6
DA:267,6
DA:268,1
DA:269,5
DA:270,1
DA:271,4
DA:272,1
DA:275,3
DA:276,1
DA:279,2
DA:282,1
DA:284,1
DA:289,2
DA:290,2
DA:291,1
DA:293,1
DA:298,2
DA:299,2
DA:300,1
DA:302,1
DA:309,3
DA:310,3
DA:311,2
DA:312,5
DA:314,2
DA:316,1
DA:321,4
DA:322,4
DA:323,3
DA:325,3
DA:327,7
DA:331,3
DA:333,1
DA:339,3
DA:340,3
DA:341,2
DA:342,6
DA:345,1
LF:92
LH:92
BRDA:151,0,0,2
BRDA:151,0,1,2
BRDA:267,1,0,1
BRDA:267,1,1,5
BRDA:269,2,0,1
BRDA:269,2,1,4
BRDA:271,3,0,1
BRDA:271,3,1,3
BRDA:275,4,0,1
BRDA:275,4,1,2
BRDA:327,5,0,7
BRDA:327,5,1,3
BRF:12
BRH:12
end_of_record
TN:
SF:services\routineValidationService.ts
FN:5,(anonymous_0)
FN:31,(anonymous_1)
FN:61,(anonymous_2)
FN:90,(anonymous_3)
FN:125,(anonymous_4)
FNF:5
FNH:5
FNDA:5,(anonymous_0)
FNDA:4,(anonymous_1)
FNDA:5,(anonymous_2)
FNDA:6,(anonymous_3)
FNDA:8,(anonymous_4)
DA:4,1
DA:6,5
DA:7,5
DA:9,3
DA:10,2
DA:12,1
DA:15,3
DA:16,1
DA:19,2
DA:20,1
DA:22,1
DA:32,4
DA:33,4
DA:37,2
DA:38,1
DA:40,1
DA:43,3
DA:44,1
DA:47,2
DA:48,1
DA:52,1
DA:62,5
DA:63,5
DA:70,3
DA:71,1
DA:74,3
DA:75,1
DA:76,2
DA:77,1
DA:81,1
DA:91,6
DA:92,6
DA:93,2
DA:96,4
DA:103,2
DA:104,1
DA:107,5
DA:108,0
DA:109,5
DA:110,1
DA:111,4
DA:112,1
DA:116,3
DA:145,8
DA:146,8
DA:151,3
DA:152,2
DA:154,1
DA:157,6
DA:158,1
DA:159,5
DA:160,2
DA:161,2
DA:162,1
DA:164,1
DA:165,3
DA:166,1
DA:169,2
DA:170,1
DA:172,1
LF:60
LH:59
BRDA:9,0,0,2
BRDA:9,0,1,1
BRDA:15,1,0,1
BRDA:15,1,1,2
BRDA:19,2,0,1
BRDA:19,2,1,1
BRDA:23,3,0,1
BRDA:23,3,1,1
BRDA:23,3,2,0
BRDA:37,4,0,1
BRDA:37,4,1,1
BRDA:43,5,0,1
BRDA:43,5,1,2
BRDA:47,6,0,1
BRDA:47,6,1,1
BRDA:53,7,0,1
BRDA:53,7,1,1
BRDA:53,7,2,0
BRDA:70,8,0,1
BRDA:70,8,1,2
BRDA:71,9,0,1
BRDA:71,9,1,0
BRDA:74,10,0,1
BRDA:74,10,1,2
BRDA:76,11,0,1
BRDA:76,11,1,1
BRDA:82,12,0,1
BRDA:82,12,1,1
BRDA:82,12,2,0
BRDA:92,13,0,2
BRDA:92,13,1,4
BRDA:92,14,0,6
BRDA:92,14,1,5
BRDA:103,15,0,1
BRDA:103,15,1,1
BRDA:104,16,0,1
BRDA:104,16,1,0
BRDA:107,17,0,0
BRDA:107,17,1,5
BRDA:109,18,0,1
BRDA:109,18,1,4
BRDA:111,19,0,1
BRDA:111,19,1,3
BRDA:117,20,0,3
BRDA:117,20,1,3
BRDA:117,20,2,0
BRDA:151,21,0,2
BRDA:151,21,1,1
BRDA:154,22,0,1
BRDA:154,22,1,0
BRDA:157,23,0,1
BRDA:157,23,1,5
BRDA:159,24,0,2
BRDA:159,24,1,3
BRDA:161,25,0,1
BRDA:161,25,1,1
BRDA:161,26,0,2
BRDA:161,26,1,1
BRDA:165,27,0,1
BRDA:165,27,1,2
BRDA:169,28,0,1
BRDA:169,28,1,1
BRDA:173,29,0,1
BRDA:173,29,1,1
BRDA:173,29,2,0
BRF:65
BRH:56
end_of_record
TN:
SF:services\trainerService.ts
FN:12,(anonymous_0)
FN:36,(anonymous_1)
FN:56,(anonymous_2)
FN:68,(anonymous_3)
FN:79,(anonymous_4)
FN:106,(anonymous_5)
FN:128,(anonymous_6)
FN:155,(anonymous_7)
FN:178,(anonymous_8)
FN:198,(anonymous_9)
FN:220,(anonymous_10)
FN:235,(anonymous_11)
FNF:12
FNH:12
FNDA:4,(anonymous_0)
FNDA:2,(anonymous_1)
FNDA:1,(anonymous_2)
FNDA:1,(anonymous_3)
FNDA:3,(anonymous_4)
FNDA:2,(anonymous_5)
FNDA:1,(anonymous_6)
FNDA:1,(anonymous_7)
FNDA:3,(anonymous_8)
FNDA:1,(anonymous_9)
FNDA:1,(anonymous_10)
FNDA:1,(anonymous_11)
DA:11,1
DA:18,4
DA:19,4
DA:30,3
DA:32,1
DA:37,2
DA:38,2
DA:41,2
DA:43,2
DA:51,0
DA:52,0
DA:57,1
DA:58,1
DA:62,1
DA:64,0
DA:69,1
DA:70,1
DA:73,1
DA:75,0
DA:80,3
DA:81,3
DA:84,2
DA:86,2
DA:102,1
DA:112,2
DA:113,2
DA:122,2
DA:124,0
DA:134,1
DA:135,1
DA:146,1
DA:151,0
DA:161,1
DA:162,1
DA:172,1
DA:174,0
DA:184,3
DA:185,3
DA:192,2
DA:194,1
DA:204,1
DA:205,1
DA:214,1
DA:216,0
DA:225,1
DA:226,1
DA:229,1
DA:231,0
DA:241,1
DA:242,1
DA:246,1
DA:248,0
LF:52
LH:42
BRDA:14,0,0,3
BRDA:15,1,0,3
BRDA:16,2,0,3
BRDA:25,3,0,4
BRDA:25,3,1,3
BRDA:26,4,0,4
BRDA:26,4,1,3
BRDA:45,5,0,2
BRDA:45,5,1,1
BRDA:46,6,0,2
BRDA:46,6,1,1
BRDA:47,7,0,2
BRDA:47,7,1,1
BRDA:48,8,0,2
BRDA:48,8,1,1
BRDA:92,9,0,2
BRDA:92,9,1,1
BRDA:93,10,0,2
BRDA:93,10,1,1
BRDA:94,11,0,2
BRDA:94,11,1,1
BRDA:95,12,0,2
BRDA:95,12,1,1
BRDA:96,13,0,2
BRDA:96,13,1,1
BRDA:97,14,0,2
BRDA:97,14,1,1
BRDA:99,15,0,2
BRDA:99,15,1,1
BRDA:109,16,0,2
BRDA:110,17,0,2
BRDA:130,18,0,0
BRDA:131,19,0,0
BRDA:132,20,0,0
BRDA:147,21,0,1
BRDA:147,21,1,0
BRDA:148,22,0,1
BRDA:148,22,1,0
BRDA:157,23,0,0
BRDA:158,24,0,0
BRDA:168,25,0,1
BRDA:168,25,1,0
BRDA:201,26,0,1
BRDA:202,27,0,1
BRF:44
BRH:36
end_of_record
TN:
SF:services\userStatsService.ts
FN:35,(anonymous_0)
FN:39,(anonymous_1)
FN:44,(anonymous_2)
FN:66,(anonymous_3)
FN:87,(anonymous_4)
FN:110,(anonymous_5)
FNF:6
FNH:6
FNDA:8,(anonymous_0)
FNDA:8,(anonymous_1)
FNDA:7,(anonymous_2)
FNDA:2,(anonymous_3)
FNDA:2,(anonymous_4)
FNDA:4,(anonymous_5)
DA:21,1
DA:27,1
DA:33,1
DA:35,1
DA:36,8
DA:39,1
DA:40,8
DA:43,1
DA:45,7
DA:46,7
DA:48,5
DA:49,0
DA:52,5
DA:53,1
DA:56,5
DA:58,2
DA:59,1
DA:62,1
DA:67,2
DA:68,2
DA:69,2
DA:70,2
DA:73,2
DA:77,1
DA:78,1
DA:81,1
DA:83,1
DA:88,2
DA:89,2
DA:90,2
DA:91,1
DA:94,2
DA:98,2
DA:100,1
DA:101,1
DA:104,1
DA:106,1
DA:111,4
DA:112,4
DA:113,4
DA:119,1
DA:121,3
DA:123,0
LF:43
LH:41
BRDA:36,0,0,8
BRDA:36,0,1,2
BRDA:40,1,0,8
BRDA:40,1,1,5
BRDA:48,2,0,0
BRDA:48,2,1,5
BRDA:48,3,0,5
BRDA:48,3,1,3
BRDA:52,4,0,1
BRDA:52,4,1,4
BRDA:52,5,0,5
BRDA:52,5,1,3
BRDA:58,6,0,1
BRDA:58,6,1,1
BRDA:69,7,0,2
BRDA:69,7,1,0
BRDA:77,8,0,1
BRDA:77,8,1,0
BRDA:77,9,0,1
BRDA:77,9,1,1
BRDA:90,10,0,1
BRDA:90,10,1,1
BRDA:100,11,0,1
BRDA:100,11,1,0
BRDA:100,12,0,1
BRDA:100,12,1,1
BRDA:113,13,0,1
BRDA:113,13,1,3
BRDA:114,14,0,4
BRDA:114,14,1,2
BRDA:114,14,2,2
BRDA:114,14,3,1
BRF:32
BRH:28
end_of_record
TN:
SF:services\websocketService.ts
FN:30,(anonymous_0)
FN:63,(anonymous_1)
FN:82,(anonymous_2)
FN:87,(anonymous_3)
FN:98,(anonymous_4)
FN:102,(anonymous_5)
FN:115,(anonymous_6)
FN:124,(anonymous_7)
FN:132,(anonymous_8)
FN:140,(anonymous_9)
FN:157,(anonymous_10)
FN:164,(anonymous_11)
FN:175,(anonymous_12)
FN:183,(anonymous_13)
FN:187,(anonymous_14)
FN:220,(anonymous_15)
FN:226,(anonymous_16)
FN:237,(anonymous_17)
FN:254,(anonymous_18)
FN:260,(anonymous_19)
FN:265,(anonymous_20)
FNF:21
FNH:18
FNDA:35,(anonymous_0)
FNDA:20,(anonymous_1)
FNDA:1,(anonymous_2)
FNDA:4,(anonymous_3)
FNDA:7,(anonymous_4)
FNDA:1,(anonymous_5)
FNDA:4,(anonymous_6)
FNDA:2,(anonymous_7)
FNDA:2,(anonymous_8)
FNDA:52,(anonymous_9)
FNDA:18,(anonymous_10)
FNDA:4,(anonymous_11)
FNDA:5,(anonymous_12)
FNDA:4,(anonymous_13)
FNDA:7,(anonymous_14)
FNDA:94,(anonymous_15)
FNDA:33,(anonymous_16)
FNDA:3,(anonymous_17)
FNDA:0,(anonymous_18)
FNDA:0,(anonymous_19)
FNDA:0,(anonymous_20)
DA:21,1
DA:22,1
DA:23,1
DA:24,1
DA:25,1
DA:26,1
DA:27,1
DA:28,1
DA:29,1
DA:31,35
DA:32,1
DA:35,34
DA:37,34
DA:38,34
DA:39,33
DA:40,1
DA:43,1
DA:44,1
DA:47,32
DA:49,32
DA:51,31
DA:52,31
DA:53,31
DA:54,31
DA:56,2
DA:57,2
DA:59,34
DA:64,20
DA:65,1
DA:66,1
DA:69,19
DA:70,1
DA:71,1
DA:74,19
DA:76,19
DA:83,1
DA:84,1
DA:88,4
DA:89,4
DA:90,1
DA:91,1
DA:94,3
DA:95,3
DA:99,7
DA:103,1
DA:106,1
DA:116,4
DA:117,3
DA:118,3
DA:119,3
DA:120,3
DA:125,2
DA:126,1
DA:133,2
DA:134,1
DA:141,52
DA:142,52
DA:143,15
DA:144,15
DA:147,52
DA:148,30
DA:149,30
DA:152,52
DA:153,52
DA:154,52
DA:158,18
DA:159,2
DA:161,18
DA:165,4
DA:166,1
DA:167,1
DA:169,3
DA:170,3
DA:171,1
DA:176,5
DA:177,5
DA:179,1
DA:184,4
DA:188,7
DA:190,7
DA:192,2
DA:193,1
DA:195,2
DA:198,2
DA:199,1
DA:204,2
DA:207,2
DA:208,1
DA:213,2
DA:216,1
DA:221,94
DA:222,0
DA:223,0
DA:226,94
DA:227,33
DA:228,33
DA:229,31
DA:232,2
DA:238,3
DA:239,1
DA:240,1
DA:244,1
DA:247,2
DA:248,2
DA:250,2
DA:254,2
DA:255,0
DA:256,0
DA:257,0
DA:258,0
DA:259,0
DA:261,0
DA:262,0
DA:266,0
LF:114
LH:104
BRDA:31,0,0,1
BRDA:31,0,1,34
BRDA:31,1,0,35
BRDA:31,1,1,35
BRDA:39,2,0,1
BRDA:39,2,1,32
BRDA:64,3,0,1
BRDA:64,3,1,19
BRDA:69,4,0,1
BRDA:69,4,1,18
BRDA:89,5,0,1
BRDA:89,5,1,3
BRDA:116,6,0,3
BRDA:116,6,1,1
BRDA:125,7,0,1
BRDA:125,7,1,1
BRDA:125,8,0,2
BRDA:125,8,1,1
BRDA:133,9,0,1
BRDA:133,9,1,1
BRDA:133,10,0,2
BRDA:133,10,1,1
BRDA:142,11,0,15
BRDA:142,11,1,37
BRDA:147,12,0,30
BRDA:147,12,1,22
BRDA:158,13,0,2
BRDA:158,13,1,16
BRDA:165,14,0,1
BRDA:165,14,1,3
BRDA:170,15,0,1
BRDA:170,15,1,2
BRDA:177,16,0,5
BRDA:177,16,1,3
BRDA:190,17,0,2
BRDA:190,17,1,2
BRDA:190,17,2,2
BRDA:190,17,3,1
BRDA:192,18,0,1
BRDA:192,18,1,1
BRDA:198,19,0,1
BRDA:198,19,1,1
BRDA:207,20,0,1
BRDA:207,20,1,1
BRDA:221,21,0,0
BRDA:221,21,1,94
BRDA:221,22,0,94
BRDA:221,22,1,94
BRDA:228,23,0,31
BRDA:228,23,1,2
BRDA:238,24,0,1
BRDA:238,24,1,2
BRDA:255,25,0,0
BRDA:255,25,1,0
BRDA:261,26,0,0
BRDA:261,26,1,0
BRF:56
BRH:51
end_of_record
TN:
SF:services\workoutService.ts
FN:9,(anonymous_0)
FN:18,(anonymous_1)
FN:21,(anonymous_2)
FN:27,(anonymous_3)
FN:31,(anonymous_4)
FN:40,(anonymous_5)
FN:49,(anonymous_6)
FN:58,(anonymous_7)
FN:69,(anonymous_8)
FN:84,(anonymous_9)
FN:93,(anonymous_10)
FN:102,(anonymous_11)
FN:111,(anonymous_12)
FN:122,(anonymous_13)
FN:134,(anonymous_14)
FN:169,(anonymous_15)
FN:183,(anonymous_16)
FN:195,(anonymous_17)
FN:206,(anonymous_18)
FN:220,(anonymous_19)
FN:234,(anonymous_20)
FNF:21
FNH:21
FNDA:5,(anonymous_0)
FNDA:3,(anonymous_1)
FNDA:5,(anonymous_2)
FNDA:2,(anonymous_3)
FNDA:4,(anonymous_4)
FNDA:2,(anonymous_5)
FNDA:2,(anonymous_6)
FNDA:1,(anonymous_7)
FNDA:2,(anonymous_8)
FNDA:2,(anonymous_9)
FNDA:1,(anonymous_10)
FNDA:1,(anonymous_11)
FNDA:2,(anonymous_12)
FNDA:2,(anonymous_13)
FNDA:2,(anonymous_14)
FNDA:1,(anonymous_15)
FNDA:2,(anonymous_16)
FNDA:1,(anonymous_17)
FNDA:1,(anonymous_18)
FNDA:2,(anonymous_19)
FNDA:3,(anonymous_20)
DA:9,1
DA:10,5
DA:11,5
DA:12,3
DA:14,2
DA:18,1
DA:19,3
DA:20,3
DA:21,5
DA:23,1
DA:27,1
DA:28,2
DA:29,2
DA:30,2
DA:32,4
DA:34,2
DA:36,0
DA:40,1
DA:41,2
DA:42,2
DA:43,1
DA:45,1
DA:49,1
DA:50,2
DA:51,2
DA:52,1
DA:54,1
DA:58,1
DA:59,1
DA:60,1
DA:63,1
DA:65,0
DA:69,1
DA:73,2
DA:74,2
DA:78,2
DA:80,0
DA:84,1
DA:85,2
DA:86,2
DA:87,2
DA:89,0
DA:93,1
DA:94,1
DA:95,1
DA:96,1
DA:98,0
DA:102,1
DA:103,1
DA:104,1
DA:105,1
DA:107,0
DA:111,1
DA:112,2
DA:113,2
DA:116,1
DA:118,1
DA:122,1
DA:123,2
DA:124,2
DA:128,1
DA:130,1
DA:134,1
DA:135,2
DA:136,2
DA:144,2
DA:145,0
DA:148,2
DA:152,1
DA:155,2
DA:156,1
DA:159,2
DA:163,1
DA:165,1
DA:169,1
DA:170,1
DA:171,1
DA:177,1
DA:179,0
DA:183,1
DA:184,2
DA:185,2
DA:189,1
DA:191,1
DA:195,1
DA:196,1
DA:197,1
DA:200,1
DA:202,0
DA:206,1
DA:207,1
DA:208,1
DA:214,1
DA:216,0
DA:220,1
DA:221,2
DA:222,2
DA:228,1
DA:230,1
DA:234,1
DA:235,3
DA:236,3
DA:240,1
DA:242,2
DA:247,1
LF:105
LH:95
BRDA:32,0,0,4
BRDA:32,0,1,3
BRDA:76,1,0,2
BRDA:76,1,1,1
BRDA:141,2,0,2
BRDA:141,2,1,1
BRDA:144,3,0,0
BRDA:144,3,1,2
BRDA:145,4,0,0
BRDA:145,4,1,0
BRDA:148,5,0,1
BRDA:148,5,1,1
BRDA:149,6,0,2
BRDA:149,6,1,2
BRDA:155,7,0,1
BRDA:155,7,1,1
BRF:16
BRH:13
end_of_record
TN:
SF:services\workoutStatsService.ts
FN:15,(anonymous_0)
FN:30,(anonymous_1)
FN:37,(anonymous_2)
FN:40,(anonymous_3)
FN:66,calculateAvgWorkoutsPerWeek
FN:69,(anonymous_5)
FN:80,calculateStreaks
FN:86,(anonymous_7)
FN:94,(anonymous_8)
FNF:9
FNH:9
FNDA:10,(anonymous_0)
FNDA:12,(anonymous_1)
FNDA:19,(anonymous_2)
FNDA:18,(anonymous_3)
FNDA:7,calculateAvgWorkoutsPerWeek
FNDA:17,(anonymous_5)
FNDA:7,calculateStreaks
FNDA:18,(anonymous_7)
FNDA:11,(anonymous_8)
DA:14,1
DA:16,10
DA:17,10
DA:19,9
DA:20,2
DA:30,7
DA:31,12
DA:32,12
DA:33,12
DA:36,7
DA:37,19
DA:40,7
DA:42,18
DA:46,18
DA:49,7
DA:50,7
DA:52,7
DA:61,1
DA:67,7
DA:69,6
DA:70,17
DA:72,6
DA:73,6
DA:75,6
DA:77,6
DA:84,7
DA:86,7
DA:87,18
DA:93,7
DA:94,11
DA:97,7
DA:98,7
DA:99,7
DA:101,7
DA:103,7
DA:104,7
DA:109,7
DA:110,6
DA:112,1
DA:114,1
DA:115,2
DA:117,2
DA:121,2
DA:123,2
DA:128,0
DA:131,1
DA:134,7
DA:135,7
DA:136,11
DA:137,11
DA:139,11
DA:140,10
DA:142,1
DA:145,11
DA:148,7
DA:150,7
LF:56
LH:55
BRDA:19,0,0,2
BRDA:19,0,1,7
BRDA:19,1,0,9
BRDA:19,1,1,8
BRDA:31,2,0,12
BRDA:31,2,1,1
BRDA:32,3,0,12
BRDA:32,3,1,1
BRDA:42,4,0,18
BRDA:42,4,1,3
BRDA:42,4,2,2
BRDA:42,4,3,1
BRDA:67,5,0,1
BRDA:67,5,1,6
BRDA:70,6,0,17
BRDA:70,6,1,2
BRDA:70,6,2,0
BRDA:84,7,0,0
BRDA:84,7,1,7
BRDA:88,8,0,18
BRDA:88,8,1,2
BRDA:88,8,2,0
BRDA:109,9,0,6
BRDA:109,9,1,1
BRDA:112,10,0,1
BRDA:112,10,1,0
BRDA:117,11,0,2
BRDA:117,11,1,0
BRDA:139,12,0,10
BRDA:139,12,1,1
BRF:30
BRH:25
end_of_record
TN:
SF:services\ws-polyfill.ts
FN:19,(anonymous_0)
FN:27,(anonymous_1)
FN:38,(anonymous_2)
FN:52,(anonymous_3)
FN:57,(anonymous_4)
FN:60,(anonymous_5)
FN:68,(anonymous_6)
FN:74,(anonymous_7)
FN:94,(anonymous_8)
FN:97,(anonymous_9)
FN:107,(anonymous_10)
FN:116,(anonymous_11)
FN:122,(anonymous_12)
FN:142,(anonymous_13)
FN:161,(anonymous_14)
FN:163,(anonymous_15)
FN:166,(anonymous_16)
FNF:17
FNH:13
FNDA:18,(anonymous_0)
FNDA:5,(anonymous_1)
FNDA:2,(anonymous_2)
FNDA:80,(anonymous_3)
FNDA:0,(anonymous_4)
FNDA:0,(anonymous_5)
FNDA:3,(anonymous_6)
FNDA:2,(anonymous_7)
FNDA:7,(anonymous_8)
FNDA:3,(anonymous_9)
FNDA:1,(anonymous_10)
FNDA:7,(anonymous_11)
FNDA:2,(anonymous_12)
FNDA:136,(anonymous_13)
FNDA:93,(anonymous_14)
FNDA:0,(anonymous_15)
FNDA:0,(anonymous_16)
DA:2,32
DA:8,32
DA:10,32
DA:11,23
DA:13,23
DA:17,20
DA:19,20
DA:20,18
DA:21,9
DA:23,18
DA:26,20
DA:27,20
DA:31,5
DA:32,5
DA:33,5
DA:37,20
DA:38,20
DA:42,2
DA:43,2
DA:47,20
DA:53,80
DA:54,79
DA:58,0
DA:61,0
DA:67,20
DA:68,20
DA:69,3
DA:70,3
DA:71,3
DA:72,3
DA:73,3
DA:74,1
DA:75,2
DA:76,2
DA:79,1
DA:81,2
DA:82,2
DA:83,1
DA:84,1
DA:85,1
DA:88,1
DA:92,20
DA:93,20
DA:94,20
DA:95,7
DA:96,7
DA:97,6
DA:101,3
DA:102,3
DA:103,3
DA:106,7
DA:107,7
DA:111,1
DA:112,1
DA:115,7
DA:116,7
DA:117,7
DA:118,7
DA:119,4
DA:120,4
DA:121,4
DA:122,2
DA:123,2
DA:124,2
DA:127,2
DA:129,2
DA:130,2
DA:131,1
DA:132,1
DA:133,1
DA:136,1
DA:139,7
DA:141,20
DA:142,20
DA:143,136
DA:144,136
DA:147,20
DA:152,32
DA:153,32
DA:154,31
DA:155,31
DA:156,28
DA:157,3
DA:158,1
DA:160,31
DA:161,31
DA:162,93
DA:163,31
DA:165,93
DA:166,31
DA:169,31
DA:170,29
DA:172,31
DA:173,29
DA:175,31
DA:176,31
DA:177,29
LF:97
LH:95
BRDA:2,0,0,32
BRDA:2,0,1,0
BRDA:4,1,0,0
BRDA:4,1,1,0
BRDA:10,2,0,23
BRDA:10,2,1,9
BRDA:13,3,0,20
BRDA:13,3,1,3
BRDA:13,4,0,23
BRDA:13,4,1,23
BRDA:20,5,0,9
BRDA:20,5,1,9
BRDA:26,6,0,20
BRDA:26,6,1,0
BRDA:32,7,0,4
BRDA:32,7,1,1
BRDA:37,8,0,20
BRDA:37,8,1,0
BRDA:53,9,0,79
BRDA:53,9,1,1
BRDA:67,10,0,20
BRDA:67,10,1,0
BRDA:70,11,0,0
BRDA:70,11,1,3
BRDA:73,12,0,1
BRDA:73,12,1,2
BRDA:73,13,0,3
BRDA:73,13,1,1
BRDA:82,14,0,1
BRDA:82,14,1,1
BRDA:96,15,0,6
BRDA:96,15,1,1
BRDA:102,16,0,3
BRDA:102,16,1,0
BRDA:106,17,0,7
BRDA:106,17,1,0
BRDA:115,18,0,7
BRDA:115,18,1,0
BRDA:118,19,0,3
BRDA:118,19,1,4
BRDA:121,20,0,2
BRDA:121,20,1,2
BRDA:121,21,0,4
BRDA:121,21,1,2
BRDA:130,22,0,1
BRDA:130,22,1,1
BRDA:155,23,0,28
BRDA:155,23,1,3
BRDA:157,24,0,1
BRDA:157,24,1,2
BRDA:162,25,0,31
BRDA:162,25,1,62
BRDA:162,26,0,93
BRDA:162,26,1,93
BRDA:165,27,0,31
BRDA:165,27,1,62
BRDA:165,28,0,93
BRDA:165,28,1,93
BRDA:169,29,0,29
BRDA:169,29,1,2
BRDA:172,30,0,29
BRDA:172,30,1,2
BRDA:176,31,0,29
BRDA:176,31,1,2
BRF:64
BRH:54
end_of_record
TN:
SF:utils\authNavigation.ts
FN:6,(anonymous_0)
FNF:1
FNH:1
FNDA:16,(anonymous_0)
DA:6,1
DA:10,16
DA:11,16
DA:12,3
DA:16,13
DA:17,3
DA:22,10
DA:24,6
DA:25,1
DA:35,1
DA:41,5
DA:48,4
DA:49,4
LF:13
LH:13
BRDA:11,0,0,3
BRDA:11,0,1,13
BRDA:16,1,0,3
BRDA:16,1,1,10
BRDA:24,2,0,1
BRDA:24,2,1,5
BRF:6
BRH:6
end_of_record
TN:
SF:utils\authValidation.ts
FN:1,(anonymous_0)
FN:6,(anonymous_1)
FN:10,(anonymous_2)
FN:20,(anonymous_3)
FN:36,(anonymous_4)
FN:46,(anonymous_5)
FN:59,(anonymous_6)
FN:68,(anonymous_7)
FN:89,(anonymous_8)
FNF:9
FNH:9
FNDA:30,(anonymous_0)
FNDA:27,(anonymous_1)
FNDA:33,(anonymous_2)
FNDA:12,(anonymous_3)
FNDA:15,(anonymous_4)
FNDA:21,(anonymous_5)
FNDA:5,(anonymous_6)
FNDA:6,(anonymous_7)
FNDA:12,(anonymous_8)
DA:1,1
DA:2,30
DA:3,30
DA:6,1
DA:7,27
DA:10,1
DA:11,33
DA:12,6
DA:14,27
DA:15,6
DA:17,21
DA:20,1
DA:24,12
DA:25,12
DA:27,9
DA:28,9
DA:30,7
DA:31,3
DA:33,4
DA:36,1
DA:37,15
DA:38,3
DA:40,12
DA:41,4
DA:43,8
DA:46,1
DA:50,21
DA:51,3
DA:53,18
DA:54,4
DA:56,14
DA:59,1
DA:60,5
DA:68,1
DA:72,6
DA:73,3
DA:76,3
DA:77,3
DA:78,1
DA:81,2
DA:82,2
DA:83,1
DA:86,1
DA:89,1
DA:97,12
DA:98,5
DA:101,7
DA:102,7
DA:103,1
DA:106,6
DA:107,6
DA:108,1
DA:111,5
DA:112,5
DA:113,1
DA:116,4
DA:117,4
DA:118,2
DA:121,2
DA:122,1
DA:128,1
LF:61
LH:61
BRDA:11,0,0,6
BRDA:11,0,1,27
BRDA:14,1,0,6
BRDA:14,1,1,21
BRDA:25,2,0,3
BRDA:25,2,1,9
BRDA:28,3,0,2
BRDA:28,3,1,7
BRDA:30,4,0,3
BRDA:30,4,1,4
BRDA:37,5,0,3
BRDA:37,5,1,12
BRDA:40,6,0,4
BRDA:40,6,1,8
BRDA:50,7,0,3
BRDA:50,7,1,18
BRDA:53,8,0,4
BRDA:53,8,1,14
BRDA:72,9,0,3
BRDA:72,9,1,3
BRDA:72,10,0,6
BRDA:72,10,1,4
BRDA:77,11,0,1
BRDA:77,11,1,2
BRDA:82,12,0,1
BRDA:82,12,1,1
BRDA:97,13,0,5
BRDA:97,13,1,7
BRDA:97,14,0,12
BRDA:97,14,1,11
BRDA:97,14,2,10
BRDA:97,14,3,9
BRDA:97,14,4,8
BRDA:102,15,0,1
BRDA:102,15,1,6
BRDA:107,16,0,1
BRDA:107,16,1,5
BRDA:112,17,0,1
BRDA:112,17,1,4
BRDA:117,18,0,2
BRDA:117,18,1,2
BRDA:121,19,0,1
BRDA:121,19,1,1
BRF:43
BRH:43
end_of_record
TN:
SF:utils\challengeUtils.ts
FN:1,(anonymous_0)
FN:17,(anonymous_1)
FN:30,(anonymous_2)
FN:43,(anonymous_3)
FN:56,(anonymous_4)
FN:66,(anonymous_5)
FN:79,(anonymous_6)
FN:92,(anonymous_7)
FN:103,(anonymous_8)
FN:112,(anonymous_9)
FN:123,(anonymous_10)
FN:134,(anonymous_11)
FN:145,(anonymous_12)
FNF:13
FNH:13
FNDA:9,(anonymous_0)
FNDA:5,(anonymous_1)
FNDA:5,(anonymous_2)
FNDA:5,(anonymous_3)
FNDA:4,(anonymous_4)
FNDA:6,(anonymous_5)
FNDA:6,(anonymous_6)
FNDA:2,(anonymous_7)
FNDA:8,(anonymous_8)
FNDA:12,(anonymous_9)
FNDA:8,(anonymous_10)
FNDA:8,(anonymous_11)
FNDA:11,(anonymous_12)
DA:1,1
DA:2,9
DA:3,9
DA:4,9
DA:6,9
DA:8,5
DA:9,5
DA:13,5
DA:14,2
DA:17,1
DA:18,5
DA:20,1
DA:22,1
DA:24,1
DA:26,2
DA:30,1
DA:31,5
DA:33,1
DA:35,1
DA:37,1
DA:39,2
DA:43,1
DA:44,5
DA:46,1
DA:48,1
DA:50,1
DA:52,2
DA:56,1
DA:60,4
DA:61,4
DA:62,2
DA:63,1
DA:66,1
DA:67,6
DA:69,1
DA:71,1
DA:73,1
DA:75,3
DA:79,1
DA:80,6
DA:82,1
DA:84,1
DA:86,1
DA:88,3
DA:92,1
DA:93,2
DA:94,2
DA:103,1
DA:104,8
DA:105,8
DA:106,8
DA:107,8
DA:112,1
DA:116,12
DA:117,12
DA:119,12
DA:120,8
DA:123,1
DA:124,8
DA:131,8
DA:134,1
DA:135,8
DA:142,8
DA:145,1
DA:148,11
DA:150,7
DA:151,7
DA:153,7
LF:68
LH:68
BRDA:6,0,0,4
BRDA:6,0,1,5
BRDA:13,1,0,3
BRDA:13,1,1,2
BRDA:18,2,0,1
BRDA:18,2,1,1
BRDA:18,2,2,1
BRDA:18,2,3,2
BRDA:31,3,0,1
BRDA:31,3,1,1
BRDA:31,3,2,1
BRDA:31,3,3,2
BRDA:44,4,0,1
BRDA:44,4,1,1
BRDA:44,4,2,1
BRDA:44,4,3,2
BRDA:61,5,0,2
BRDA:61,5,1,2
BRDA:62,6,0,1
BRDA:62,6,1,1
BRDA:67,7,0,1
BRDA:67,7,1,1
BRDA:67,7,2,1
BRDA:67,7,3,3
BRDA:80,8,0,1
BRDA:80,8,1,1
BRDA:80,8,2,1
BRDA:80,8,3,3
BRDA:116,9,0,12
BRDA:116,9,1,3
BRDA:117,10,0,12
BRDA:117,10,1,4
BRDA:119,11,0,4
BRDA:119,11,1,8
BRDA:131,12,0,8
BRDA:131,12,1,3
BRDA:142,13,0,8
BRDA:142,13,1,3
BRDA:148,14,0,4
BRDA:148,14,1,7
BRDA:148,15,0,11
BRDA:148,15,1,8
BRF:42
BRH:42
end_of_record
TN:
SF:utils\serviceUtils.ts
FN:8,(anonymous_0)
FN:43,(anonymous_1)
FN:53,(anonymous_2)
FNF:3
FNH:3
FNDA:30,(anonymous_0)
FNDA:8,(anonymous_1)
FNDA:30,(anonymous_2)
DA:8,2
DA:9,30
DA:10,28
DA:13,28
DA:14,8
DA:18,20
DA:20,2
DA:22,1
DA:24,2
DA:26,1
DA:28,4
DA:29,2
DA:32,2
DA:34,2
DA:36,10
DA:43,2
DA:44,8
DA:45,3
DA:47,5
DA:53,2
DA:57,30
DA:58,30
DA:60,13
DA:61,0
LF:24
LH:23
BRDA:10,0,0,28
BRDA:10,0,1,11
BRDA:13,1,0,8
BRDA:13,1,1,20
BRDA:13,2,0,28
BRDA:13,2,1,12
BRDA:18,3,0,2
BRDA:18,3,1,1
BRDA:18,3,2,2
BRDA:18,3,3,1
BRDA:18,3,4,4
BRDA:18,3,5,10
BRDA:28,4,0,2
BRDA:28,4,1,2
BRDA:29,5,0,1
BRDA:29,5,1,1
BRDA:36,6,0,10
BRDA:36,6,1,7
BRDA:43,7,0,7
BRDA:44,8,0,3
BRDA:44,8,1,5
BRDA:47,9,0,5
BRDA:47,9,1,3
BRF:23
BRH:23
end_of_record
